<!DOCTYPE html PUBLIC "-//W3C//DTD XHTML 1.1//EN" "http://www.w3.org/TR/xhtml11/DTD/xhtml11.dtd">
<html xmlns="http://www.w3.org/1999/xhtml">
<head>
<meta charset='utf-8'>
<title>TestNG Report</title>
<style type="text/css">
table {margin-bottom:10px;border-collapse:collapse;empty-cells:show}
td,th {border:1px solid #009;padding:.25em .5em}
.result th {vertical-align:bottom}
.param th {padding-left:1em;padding-right:1em}
.param td {padding-left:.5em;padding-right:2em}
.stripe td,.stripe th {background-color: #E6EBF9}
.numi,.numi_attn {text-align:right}
.total td {font-weight:bold}
.passedodd td {background-color: #0A0}
.passedeven td {background-color: #3F3}
.skippedodd td {background-color: #CCC}
.skippedodd td {background-color: #DDD}
.failedodd td,.numi_attn {background-color: #F33}
.failedeven td,.stripe .numi_attn {background-color: #D00}
.stacktrace {white-space:pre;font-family:monospace}
.totop {font-size:85%;text-align:center;border-bottom:2px solid #000}
</style>
</head>
<body>
<table cellspacing="0" cellpadding="0" class="testOverview">
<tr><th>Test</th><th>Methods<br/>Passed</th><th>Scenarios<br/>Passed</th><th># skipped</th><th># failed</th><th>Total<br/>Time</th><th>Included<br/>Groups</th><th>Excluded<br/>Groups</th></tr>
<tr><td style="text-align:left;padding-right:2em"><a href="#t1">ChromeBrowser</a></td><td class="numi">1</td><td class="numi">1</td><td class="numi">0</td><td class="numi">0</td><td class="numi">25.7 seconds</td><td class="numi"></td><td class="numi"></td></tr>
<tr class="stripe"><td style="text-align:left;padding-right:2em"><a href="#t2">FireFox Browser</a></td><td class="numi">0</td><td class="numi">0</td><td class="numi">0</td><td class="numi_attn">1</td><td class="numi">48.6 seconds</td><td class="numi"></td><td class="numi"></td></tr>
<tr class="total"><td>Total</td>
<td class="numi">1</td><td class="numi">1</td><td class="numi">0</td><td class="numi_attn">1</td><td class="numi">74.2 seconds</td><td colspan="2">&nbsp;</td></tr>
</table>
<table cellspacing="0" cellpadding="0" class="methodOverview" id="summary">
<tr><th>Class</th><th>Method</th><th># of<br/>Scenarios</th><th>Start</th><th>Time<br/>(ms)</th></tr>
<tr id="t1"><th colspan="5">ChromeBrowser &#8212; passed</th></tr>
<tr class="passedodd"><td>org.naic.mfl.se.challenge.Tests.TestWebPages</td><td><a href="#m1"><b>checkoutTest</b>  </a></td><td class="numi">1</td><td>1548110164276</td><td class="numi">17647</td></tr>
<tr id="t2"><th colspan="5">FireFox Browser &#8212; failed</th></tr>
<tr class="failedodd"><td>org.naic.mfl.se.challenge.Tests.TestWebPages</td><td><a href="#m2"><b>checkoutTest</b>  </a></td><td class="numi">1</td><td>1548110189931</td><td class="numi">39606</td></tr>
</table>
<h1>ChromeBrowser</h1>
<h2 id="m1">org.naic.mfl.se.challenge.Tests.TestWebPages:checkoutTest</h2>
<p class="totop"><a href="#summary">back to summary</a></p>
<h1>FireFox Browser</h1>
<h2 id="m2">org.naic.mfl.se.challenge.Tests.TestWebPages:checkoutTest</h2>
<div>
<div class="stacktrace">org.openqa.selenium.TimeoutException: Expected condition failed: waiting for visibility of Proxy element for: DefaultElementLocator &apos;By.name: processAddress&apos; (tried for 30 second(s) with 50 milliseconds interval)
	at org.openqa.selenium.support.ui.WebDriverWait.timeoutException(WebDriverWait.java:81)
	at org.openqa.selenium.support.ui.FluentWait.until(FluentWait.java:271)
	at org.naic.mfl.se.challenge.Utility.PageUtil.waitForElementVisible(PageUtil.java:18)
	at org.naic.mfl.se.challenge.Pages.CheckOutPage.choseAndCheckout(CheckOutPage.java:74)
	at org.naic.mfl.se.challenge.Pages.CheckOutPage.checkOutStep(CheckOutPage.java:100)
	at org.naic.mfl.se.challenge.Tests.TestWebPages.checkoutTest(TestWebPages.java:128)
Caused by: org.openqa.selenium.NoSuchElementException: Unable to locate element: *[name=&apos;processAddress&apos;]
For documentation on this error, please visit: http://seleniumhq.org/exceptions/no_such_element.html
Build info: version: &apos;3.11.0&apos;, revision: &apos;e59cfb3&apos;, time: &apos;2018-03-11T20:26:55.152Z&apos;
System info: host: &apos;MarhabadeMacBook-Air.local&apos;, ip: &apos;2001:48f8:9021:f10:ed2d:9e5c:bc7a:7b3%en0&apos;, os.name: &apos;Mac OS X&apos;, os.arch: &apos;x86_64&apos;, os.version: &apos;10.12.6&apos;, java.version: &apos;1.8.0_161&apos;
Driver info: org.openqa.selenium.firefox.FirefoxDriver
Capabilities {acceptInsecureCerts: true, browserName: firefox, browserVersion: 63.0.1, javascriptEnabled: true, moz:accessibilityChecks: false, moz:geckodriverVersion: 0.23.0, moz:headless: false, moz:processID: 54374, moz:profile: /var/folders/qm/1g99y6y544q..., moz:useNonSpecCompliantPointerOrigin: false, moz:webdriverClick: true, pageLoadStrategy: normal, platform: MAC, platformName: MAC, platformVersion: 16.7.0, rotatable: false, setWindowRect: true, timeouts: {implicit: 0, pageLoad: 300000, script: 30000}, unhandledPromptBehavior: dismiss and notify}
Session ID: c90973ec-2835-6046-82ad-ed266ffdfcdc
*** Element info: {Using=name, value=processAddress}
	at org.openqa.selenium.remote.http.W3CHttpResponseCodec.createException(W3CHttpResponseCodec.java:187)
	at org.openqa.selenium.remote.http.W3CHttpResponseCodec.decode(W3CHttpResponseCodec.java:122)
	at org.openqa.selenium.remote.http.W3CHttpResponseCodec.decode(W3CHttpResponseCodec.java:49)
	at org.openqa.selenium.remote.HttpCommandExecutor.execute(HttpCommandExecutor.java:158)
	at org.openqa.selenium.remote.service.DriverCommandExecutor.execute(DriverCommandExecutor.java:83)
	at org.openqa.selenium.remote.RemoteWebDriver.execute(RemoteWebDriver.java:545)
	at org.openqa.selenium.remote.RemoteWebDriver.findElement(RemoteWebDriver.java:319)
	at org.openqa.selenium.remote.RemoteWebDriver.findElementByName(RemoteWebDriver.java:397)
	at org.openqa.selenium.By$ByName.findElement(By.java:303)
	at org.openqa.selenium.remote.RemoteWebDriver.findElement(RemoteWebDriver.java:311)
	at org.openqa.selenium.support.pagefactory.DefaultElementLocator.findElement(DefaultElementLocator.java:69)
	at org.openqa.selenium.support.pagefactory.internal.LocatingElementHandler.invoke(LocatingElementHandler.java:38)
	at com.sun.proxy.$Proxy28.isDisplayed(Unknown Source)
	at org.openqa.selenium.support.ui.ExpectedConditions.elementIfVisible(ExpectedConditions.java:315)
	at org.openqa.selenium.support.ui.ExpectedConditions.access$100(ExpectedConditions.java:44)
	at org.openqa.selenium.support.ui.ExpectedConditions$10.apply(ExpectedConditions.java:301)
	at org.openqa.selenium.support.ui.ExpectedConditions$10.apply(ExpectedConditions.java:298)
	at org.openqa.selenium.support.ui.FluentWait.until(FluentWait.java:248)
	... 28 more
... Removed 27 stack frames</div>
</div>
<p class="totop"><a href="#summary">back to summary</a></p>
</body></html>
